<?xml version="1.0" encoding="UTF-8"?>
<testsuite name="br.com.correa.wardrobemanager.ApplicationTests" tests="1" skipped="0" failures="0" errors="0" timestamp="2024-11-21T21:06:46" hostname="rafael-correa-LOQ-15IRH8" time="0.442">
  <properties/>
  <testcase name="contextLoads()" classname="br.com.correa.wardrobemanager.ApplicationTests" time="0.442"/>
  <system-out><![CDATA[18:06:44.778 [Test worker] INFO org.springframework.test.context.support.AnnotationConfigContextLoaderUtils -- Could not detect default configuration classes for test class [br.com.correa.wardrobemanager.ApplicationTests]: ApplicationTests does not declare any static, non-private, non-final, nested classes annotated with @Configuration.
18:06:44.831 [Test worker] INFO org.springframework.boot.test.context.SpringBootTestContextBootstrapper -- Found @SpringBootConfiguration br.com.correa.wardrobemanager.Application for test class br.com.correa.wardrobemanager.ApplicationTests

  .   ____          _            __ _ _
 /\\ / ___'_ __ _ _(_)_ __  __ _ \ \ \ \
( ( )\___ | '_ | '_| | '_ \/ _` | \ \ \ \
 \\/  ___)| |_)| | | | | || (_| |  ) ) ) )
  '  |____| .__|_| |_|_| |_\__, | / / / /
 =========|_|==============|___/=/_/_/_/

 :: Spring Boot ::                (v3.3.6)

2024-11-21T18:06:45.144-03:00  INFO 226816 --- [wardrobemanager] [    Test worker] b.c.c.wardrobemanager.ApplicationTests   : Starting ApplicationTests using Java 21.0.5 with PID 226816 (started by rafael-correa in /home/rafael-correa/Documents/Projects/wardrobe-manager)
2024-11-21T18:06:45.145-03:00  INFO 226816 --- [wardrobemanager] [    Test worker] b.c.c.wardrobemanager.ApplicationTests   : No active profile set, falling back to 1 default profile: "default"
2024-11-21T18:06:45.613-03:00  INFO 226816 --- [wardrobemanager] [    Test worker] o.s.cloud.context.scope.GenericScope     : BeanFactory id=6eb0b8a3-261c-34ba-8be5-93480f49f5d6
2024-11-21T18:06:46.093-03:00  INFO 226816 --- [wardrobemanager] [    Test worker] o.s.b.a.e.web.EndpointLinksResolver      : Exposing 1 endpoint beneath base path '/actuator'
2024-11-21T18:06:46.125-03:00  INFO 226816 --- [wardrobemanager] [    Test worker] b.c.c.wardrobemanager.ApplicationTests   : Started ApplicationTests in 1.23 seconds (process running for 1.782)
]]></system-out>
  <system-err><![CDATA[WARNING: A Java agent has been loaded dynamically (/home/rafael-correa/.gradle/caches/modules-2/files-2.1/net.bytebuddy/byte-buddy-agent/1.14.19/154da3a65b4f4a909d3e5bdec55d1b2b4cbb6ce1/byte-buddy-agent-1.14.19.jar)
WARNING: If a serviceability tool is in use, please run with -XX:+EnableDynamicAgentLoading to hide this warning
WARNING: If a serviceability tool is not in use, please run with -Djdk.instrument.traceUsage for more information
WARNING: Dynamic loading of agents will be disallowed by default in a future release
]]></system-err>
</testsuite>
